2024-03-28 13:27:47,492 [INFO] Activator:176 - 


2024-03-28 13:27:47,497 [INFO] Activator:177 - !SESSION log4j initialized
2024-03-28 13:27:49,710 [ERROR] LogOutputStream:75 - [STDERR_REDIRECT] 
2024-03-28 13:27:51,598 [INFO] LogOutputStream:77 - [STDOUT_REDIRECT] 
2024-03-28 13:27:53,776 [INFO] LogOutputStream:77 - [STDOUT_REDIRECT] 
2024-03-28 13:27:54,686 [ERROR] LogOutputStream:75 - [STDERR_REDIRECT] java.net.URISyntaxException: Illegal character in path at index 57: file:/Users/pedrocruz/Documents/UNICAMP/Matérias/ES/ES670 - Sistemas Embarcados/ES670-2024-GrupoB3/Application/.metadata/.log4j2.xml
2024-03-28 13:27:54,687 [ERROR] LogOutputStream:75 - [STDERR_REDIRECT] 	at java.base/java.net.URI$Parser.fail(URI.java:2976)
2024-03-28 13:27:54,688 [ERROR] LogOutputStream:75 - [STDERR_REDIRECT] 	at java.base/java.net.URI$Parser.checkChars(URI.java:3147)
2024-03-28 13:27:54,688 [ERROR] LogOutputStream:75 - [STDERR_REDIRECT] 	at java.base/java.net.URI$Parser.parseHierarchical(URI.java:3229)
2024-03-28 13:27:54,689 [ERROR] LogOutputStream:75 - [STDERR_REDIRECT] 	at java.base/java.net.URI$Parser.parse(URI.java:3177)
2024-03-28 13:27:54,689 [ERROR] LogOutputStream:75 - [STDERR_REDIRECT] 	at java.base/java.net.URI.<init>(URI.java:623)
2024-03-28 13:27:54,690 [ERROR] LogOutputStream:75 - [STDERR_REDIRECT] 	at java.base/java.net.URL.toURI(URL.java:1056)
2024-03-28 13:27:54,691 [ERROR] LogOutputStream:75 - [STDERR_REDIRECT] 	at com.st.stm32cube.common.mx.core.CubeMxInstance.getInstance(CubeMxInstance.java:81)
2024-03-28 13:27:54,693 [ERROR] LogOutputStream:75 - [STDERR_REDIRECT] 	at com.st.stm32cube.common.mx.userauth.UserAuthAdapter.<init>(UserAuthAdapter.java:25)
2024-03-28 13:27:54,693 [ERROR] LogOutputStream:75 - [STDERR_REDIRECT] 	at com.st.stm32cube.common.mx.userauth.UserAuthProvider.getUserAuthAdapter(UserAuthProvider.java:16)
2024-03-28 13:27:54,697 [ERROR] LogOutputStream:75 - [STDERR_REDIRECT] 	at com.st.stm32cube.common.ecosystemintegration.ui.core.MCUEcoSystemIntegrationUiHelper.getUserAuth(MCUEcoSystemIntegrationUiHelper.java:100)
2024-03-28 13:27:54,697 [ERROR] LogOutputStream:75 - [STDERR_REDIRECT] 	at com.st.stm32cube.ide.mcu.userauth.UserAuthStartup.earlyStartup(UserAuthStartup.java:41)
2024-03-28 13:27:54,698 [ERROR] LogOutputStream:75 - [STDERR_REDIRECT] 	at org.eclipse.ui.internal.EarlyStartupRunnable.runEarlyStartup(EarlyStartupRunnable.java:79)
2024-03-28 13:27:54,699 [ERROR] LogOutputStream:75 - [STDERR_REDIRECT] 	at org.eclipse.ui.internal.EarlyStartupRunnable.run(EarlyStartupRunnable.java:55)
2024-03-28 13:27:54,699 [ERROR] LogOutputStream:75 - [STDERR_REDIRECT] 	at org.eclipse.core.runtime.SafeRunner.run(SafeRunner.java:45)
2024-03-28 13:27:54,700 [ERROR] LogOutputStream:75 - [STDERR_REDIRECT] 	at org.eclipse.ui.internal.Workbench$39.run(Workbench.java:2737)
2024-03-28 13:27:54,700 [ERROR] LogOutputStream:75 - [STDERR_REDIRECT] 	at org.eclipse.core.internal.jobs.Worker.run(Worker.java:63)
2024-03-28 13:27:59,356 [INFO] ApplicationProperties:184 - Using Application install path: /Applications/STM32CubeIDE.app/Contents/Eclipse/plugins/com.st.stm32cube.common.mx_6.10.0.202311202037
2024-03-28 13:27:59,388 [INFO] DbMcusXml:78 - Set database path to: /Applications/STM32CubeIDE.app/Contents/Eclipse/plugins/com.st.stm32cube.common.mx_6.10.0.202311202037//db//mcu/
2024-03-28 13:27:59,388 [INFO] ApiDb:274 - Set plugin database path to: /Applications/STM32CubeIDE.app/Contents/Eclipse/plugins/com.st.stm32cube.common.mx_6.10.0.202311202037//db//plugins/boardmanager/
2024-03-28 13:27:59,389 [WARN] ApiDb:259 - Overriding images path with different value:  => /Applications/STM32CubeIDE.app/Contents/Eclipse/plugins/com.st.stm32cube.common.mx_6.10.0.202311202037//db//plugins/mcufinder/images/
2024-03-28 13:27:59,400 [INFO] ApiDb:250 - Set database path to: /Users/pedrocruz/.stmcufinder/plugins/mcufinder//mcu/
2024-03-28 13:27:59,402 [INFO] DbMcusAds:125 - Set database path to: /Users/pedrocruz/.stmcufinder/plugins/mcufinder//mcu/
2024-03-28 13:27:59,407 [INFO] CrossReferenceDbSqlite:203 - Set database path to: /Users/pedrocruz/.stmcufinder/plugins/mcufinder//mcu/cs/
2024-03-28 13:27:59,660 [INFO] RulesReader:64 - Compatibility file has been processed (297 Rules)
2024-03-28 13:27:59,808 [INFO] DbMcusXml:78 - Set database path to: /Applications/STM32CubeIDE.app/Contents/Eclipse/plugins/com.st.stm32cube.common.mx_6.10.0.202311202037//db//mcu/
2024-03-28 13:27:59,809 [INFO] ApiDb:274 - Set plugin database path to: /Applications/STM32CubeIDE.app/Contents/Eclipse/plugins/com.st.stm32cube.common.mx_6.10.0.202311202037//db//plugins/boardmanager/
2024-03-28 13:27:59,809 [INFO] ApiDb:261 - Set plugin images path to: /Applications/STM32CubeIDE.app/Contents/Eclipse/plugins/com.st.stm32cube.common.mx_6.10.0.202311202037//db//plugins/mcufinder/images/
2024-03-28 13:27:59,809 [WARN] DbFile:41 - Overriding database path with different value: /Users/pedrocruz/.stmcufinder/plugins/mcufinder/ => /Users/pedrocruz/.stmcufinder/plugins/mcufinder
2024-03-28 13:27:59,810 [INFO] ApiDb:250 - Set database path to: /Users/pedrocruz/.stmcufinder/plugins/mcufinder//mcu/
2024-03-28 13:27:59,810 [WARN] DbFile:41 - Overriding database path with different value: /Users/pedrocruz/.stmcufinder/plugins/mcufinder/ => /Users/pedrocruz/.stmcufinder/plugins/mcufinder
2024-03-28 13:27:59,810 [INFO] DbMcusAds:125 - Set database path to: /Users/pedrocruz/.stmcufinder/plugins/mcufinder//mcu/
2024-03-28 13:27:59,810 [WARN] DbFile:41 - Overriding database path with different value: /Users/pedrocruz/.stmcufinder/plugins/mcufinder/ => /Users/pedrocruz/.stmcufinder/plugins/mcufinder
2024-03-28 13:27:59,810 [WARN] DbFile:41 - Overriding database path with different value: /Users/pedrocruz/.stmcufinder/plugins/mcufinder/ => /Users/pedrocruz/.stmcufinder/plugins/mcufinder
2024-03-28 13:27:59,811 [INFO] CrossReferenceDbSqlite:203 - Set database path to: /Users/pedrocruz/.stmcufinder/plugins/mcufinder//mcu/cs/
2024-03-28 13:27:59,957 [INFO] MainPanel:264 - HeapMemory: 268435456
2024-03-28 13:28:00,182 [INFO] DbMcusXml:78 - Set database path to: /Applications/STM32CubeIDE.app/Contents/Eclipse/plugins/com.st.stm32cube.common.mx_6.10.0.202311202037//db//mcu/
2024-03-28 13:28:00,183 [INFO] ApiDb:274 - Set plugin database path to: /Applications/STM32CubeIDE.app/Contents/Eclipse/plugins/com.st.stm32cube.common.mx_6.10.0.202311202037//db//plugins/boardmanager/
2024-03-28 13:28:00,183 [INFO] ApiDb:261 - Set plugin images path to: /Applications/STM32CubeIDE.app/Contents/Eclipse/plugins/com.st.stm32cube.common.mx_6.10.0.202311202037//db//plugins/mcufinder/images/
2024-03-28 13:28:00,184 [WARN] DbFile:41 - Overriding database path with different value: /Users/pedrocruz/.stmcufinder/plugins/mcufinder/ => /Users/pedrocruz/.stmcufinder/plugins/mcufinder
2024-03-28 13:28:00,184 [INFO] ApiDb:250 - Set database path to: /Users/pedrocruz/.stmcufinder/plugins/mcufinder//mcu/
2024-03-28 13:28:00,184 [WARN] DbFile:41 - Overriding database path with different value: /Users/pedrocruz/.stmcufinder/plugins/mcufinder/ => /Users/pedrocruz/.stmcufinder/plugins/mcufinder
2024-03-28 13:28:00,185 [INFO] DbMcusAds:125 - Set database path to: /Users/pedrocruz/.stmcufinder/plugins/mcufinder//mcu/
2024-03-28 13:28:00,185 [WARN] DbFile:41 - Overriding database path with different value: /Users/pedrocruz/.stmcufinder/plugins/mcufinder/ => /Users/pedrocruz/.stmcufinder/plugins/mcufinder
2024-03-28 13:28:00,186 [WARN] DbFile:41 - Overriding database path with different value: /Users/pedrocruz/.stmcufinder/plugins/mcufinder/ => /Users/pedrocruz/.stmcufinder/plugins/mcufinder
2024-03-28 13:28:00,186 [INFO] CrossReferenceDbSqlite:203 - Set database path to: /Users/pedrocruz/.stmcufinder/plugins/mcufinder//mcu/cs/
2024-03-28 13:28:00,220 [INFO] ApplicationProperties:184 - Using Application install path: /Applications/STM32CubeIDE.app/Contents/Eclipse/plugins/com.st.stm32cube.common.mx_6.10.0.202311202037
2024-03-28 13:28:00,223 [INFO] PluginManage:196 - Search for loadable plugins [exclusion list=, ]
2024-03-28 13:28:00,226 [INFO] PluginManage:310 - Check plugin analytics
2024-03-28 13:28:00,632 [INFO] AnalyticsPlugin:253 - Accepted Software Licenses: 
2024-03-28 13:28:00,632 [INFO] AnalyticsPlugin:255 - Accepted CMSIS Pack Licenses: 
2024-03-28 13:28:00,633 [INFO] AnalyticsPlugin:257 - Accepted Firmware Licenses: 
2024-03-28 13:28:00,639 [INFO] PluginManage:359 - Loaded plugin analytics (category:tool,tabindex:-1)
2024-03-28 13:28:00,639 [INFO] PluginManage:310 - Check plugin cadmodel
2024-03-28 13:28:01,735 [INFO] CADModel:105 - Init CAD model plugin
2024-03-28 13:28:01,735 [INFO] PluginManage:359 - Loaded plugin cadmodel (category:power,tabindex:5)
2024-03-28 13:28:01,736 [INFO] PluginManage:310 - Check plugin clock
2024-03-28 13:28:01,756 [INFO] PluginManage:359 - Loaded plugin clock (category:base,tabindex:2)
2024-03-28 13:28:01,757 [INFO] PluginManage:310 - Check plugin ddr
2024-03-28 13:28:01,762 [INFO] PluginManage:359 - Loaded plugin ddr (category:tool,tabindex:6)
2024-03-28 13:28:01,762 [INFO] PluginManage:310 - Check plugin filemanager
2024-03-28 13:28:02,082 [INFO] PluginManage:359 - Loaded plugin filemanager (category:base,tabindex:10)
2024-03-28 13:28:02,083 [INFO] PluginManage:310 - Check plugin ipmanager
2024-03-28 13:28:02,102 [INFO] PluginManage:359 - Loaded plugin ipmanager (category:base,tabindex:5)
2024-03-28 13:28:02,103 [INFO] PluginManage:310 - Check plugin lpbam
2024-03-28 13:28:02,131 [INFO] PluginManage:359 - Loaded plugin lpbam (category:base,tabindex:0)
2024-03-28 13:28:02,131 [INFO] PluginManage:310 - Check plugin memorymap
2024-03-28 13:28:02,178 [INFO] PluginManage:359 - Loaded plugin memorymap (category:base,tabindex:4)
2024-03-28 13:28:02,179 [INFO] PluginManage:310 - Check plugin pinoutandconfiguration
2024-03-28 13:28:02,212 [INFO] PluginManage:359 - Loaded plugin pinoutandconfiguration (category:base,tabindex:1)
2024-03-28 13:28:02,213 [INFO] PluginManage:310 - Check plugin pinoutconfig
2024-03-28 13:28:02,505 [WARN] SupportedApi:132 - Cannot load RTOS API schema: s4s-elt-must-match.1: The content of 'definitions' must match (annotation?, (simpleType | complexType)?, (unique | key | keyref)*)). A problem was found starting at: attribute.
2024-03-28 13:28:02,951 [INFO] PluginManage:359 - Loaded plugin pinoutconfig (category:base,tabindex:0)
2024-03-28 13:28:02,951 [INFO] PluginManage:310 - Check plugin power
2024-03-28 13:28:02,974 [INFO] PluginManage:359 - Loaded plugin power (category:power,tabindex:4)
2024-03-28 13:28:02,974 [INFO] PluginManage:310 - Check plugin projectmanager
2024-03-28 13:28:03,020 [INFO] PluginManage:359 - Loaded plugin projectmanager (category:projectmanager,tabindex:3)
2024-03-28 13:28:03,020 [INFO] PluginManage:310 - Check plugin thirdparty
2024-03-28 13:28:03,452 [WARN] IntegrityCheckThread:84 - waiting for thirdparty lock release [integrity check]
2024-03-28 13:28:03,453 [INFO] IntegrityCheckThread:86 - entering critical section [integrity check]
2024-03-28 13:28:03,454 [INFO] PluginManage:359 - Loaded plugin thirdparty (category:base,tabindex:-1)
2024-03-28 13:28:03,454 [INFO] ThirdPartyUpdaterWithRetryManager:70 - Updater plugin not ready yet. [1/15]
2024-03-28 13:28:03,454 [INFO] PluginManage:310 - Check plugin tools
2024-03-28 13:28:03,459 [INFO] PluginManage:359 - Loaded plugin tools (category:base,tabindex:7)
2024-03-28 13:28:03,460 [INFO] PluginManage:310 - Check plugin tutovideos
2024-03-28 13:28:03,933 [INFO] PluginManage:359 - Loaded plugin tutovideos (category:base,tabindex:-1)
2024-03-28 13:28:03,952 [INFO] PluginManage:310 - Check plugin updater
2024-03-28 13:28:03,980 [INFO] PluginManage:359 - Loaded plugin updater (category:base,tabindex:12)
2024-03-28 13:28:03,981 [INFO] PluginManage:310 - Check plugin userauth
2024-03-28 13:28:03,991 [INFO] UserAuth:114 - Init User Auth plugin
2024-03-28 13:28:03,991 [INFO] PluginManage:359 - Loaded plugin userauth (category:base,tabindex:14)
2024-03-28 13:28:03,992 [INFO] PluginManage:283 - PluginManage : Loaded plugins [17]
2024-03-28 13:28:04,404 [INFO] PinOutPanel:1499 - setPackage(No Configuration,No Configuration)
2024-03-28 13:28:04,570 [INFO] CADModel:165 - CPN selected for project level
2024-03-28 13:28:04,571 [INFO] CADModel:114 - Register for checkConnection events
2024-03-28 13:28:04,595 [INFO] IPUIPlugin:80 - create IPUIPlugin
2024-03-28 13:28:04,597 [INFO] PluginManager:220 - loadIPPluginJar : add mdma
2024-03-28 13:28:04,610 [INFO] IPUIPlugin:80 - create IPUIPlugin
2024-03-28 13:28:04,611 [INFO] PluginManager:220 - loadIPPluginJar : add freertos
2024-03-28 13:28:04,621 [INFO] IPUIPlugin:80 - create IPUIPlugin
2024-03-28 13:28:04,621 [INFO] PluginManager:220 - loadIPPluginJar : add gic
2024-03-28 13:28:04,638 [INFO] IPUIPlugin:80 - create IPUIPlugin
2024-03-28 13:28:04,638 [INFO] PluginManager:220 - loadIPPluginJar : add adc
2024-03-28 13:28:04,644 [INFO] IPUIPlugin:80 - create IPUIPlugin
2024-03-28 13:28:04,645 [INFO] PluginManager:220 - loadIPPluginJar : add gtzc
2024-03-28 13:28:04,647 [INFO] IPUIPlugin:80 - create IPUIPlugin
2024-03-28 13:28:04,648 [INFO] PluginManager:220 - loadIPPluginJar : add quadspi
2024-03-28 13:28:04,652 [INFO] IPUIPlugin:80 - create IPUIPlugin
2024-03-28 13:28:04,653 [INFO] PluginManager:220 - loadIPPluginJar : add aes
2024-03-28 13:28:04,659 [INFO] IPUIPlugin:80 - create IPUIPlugin
2024-03-28 13:28:04,660 [INFO] PluginManager:220 - loadIPPluginJar : add pdm2pcm
2024-03-28 13:28:04,664 [INFO] IPUIPlugin:80 - create IPUIPlugin
2024-03-28 13:28:04,664 [INFO] PluginManager:220 - loadIPPluginJar : add hash
2024-03-28 13:28:04,667 [INFO] IPUIPlugin:80 - create IPUIPlugin
2024-03-28 13:28:04,667 [INFO] PluginManager:220 - loadIPPluginJar : add tim
2024-03-28 13:28:04,670 [INFO] IPUIPlugin:80 - create IPUIPlugin
2024-03-28 13:28:04,671 [INFO] PluginManager:220 - loadIPPluginJar : add tsc
2024-03-28 13:28:04,674 [INFO] IPUIPlugin:80 - create IPUIPlugin
2024-03-28 13:28:04,674 [INFO] PluginManager:220 - loadIPPluginJar : add ts
2024-03-28 13:28:04,679 [INFO] IPUIPlugin:80 - create IPUIPlugin
2024-03-28 13:28:04,680 [INFO] PluginManager:220 - loadIPPluginJar : add can
2024-03-28 13:28:04,684 [INFO] IPUIPlugin:80 - create IPUIPlugin
2024-03-28 13:28:04,685 [INFO] PluginManager:220 - loadIPPluginJar : add dma3
2024-03-28 13:28:04,689 [INFO] IPUIPlugin:80 - create IPUIPlugin
2024-03-28 13:28:04,689 [INFO] PluginManager:220 - loadIPPluginJar : add dfsdm
2024-03-28 13:28:04,694 [INFO] IPUIPlugin:80 - create IPUIPlugin
2024-03-28 13:28:04,694 [INFO] PluginManager:220 - loadIPPluginJar : add spi
2024-03-28 13:28:04,698 [INFO] IPUIPlugin:80 - create IPUIPlugin
2024-03-28 13:28:04,699 [INFO] PluginManager:220 - loadIPPluginJar : add gfxmmu
2024-03-28 13:28:04,701 [INFO] IPUIPlugin:80 - create IPUIPlugin
2024-03-28 13:28:04,702 [INFO] PluginManager:220 - loadIPPluginJar : add genericplugin
2024-03-28 13:28:04,706 [INFO] IPUIPlugin:80 - create IPUIPlugin
2024-03-28 13:28:04,707 [INFO] PluginManager:220 - loadIPPluginJar : add cryp
2024-03-28 13:28:04,714 [INFO] IPUIPlugin:80 - create IPUIPlugin
2024-03-28 13:28:04,715 [INFO] PluginManager:220 - loadIPPluginJar : add gpio
2024-03-28 13:28:04,717 [INFO] IPUIPlugin:80 - create IPUIPlugin
2024-03-28 13:28:04,718 [INFO] PluginManager:220 - loadIPPluginJar : add comp
2024-03-28 13:28:04,721 [INFO] IPUIPlugin:80 - create IPUIPlugin
2024-03-28 13:28:04,722 [INFO] PluginManager:220 - loadIPPluginJar : add tracer_emb
2024-03-28 13:28:04,727 [INFO] IPUIPlugin:80 - create IPUIPlugin
2024-03-28 13:28:04,727 [INFO] PluginManager:220 - loadIPPluginJar : add openamp
2024-03-28 13:28:04,736 [INFO] IPUIPlugin:80 - create IPUIPlugin
2024-03-28 13:28:04,737 [INFO] PluginManager:220 - loadIPPluginJar : add stm32_wpan
2024-03-28 13:28:04,748 [INFO] IPUIPlugin:80 - create IPUIPlugin
2024-03-28 13:28:04,754 [INFO] PluginManager:220 - loadIPPluginJar : add plateformsettings
2024-03-28 13:28:04,761 [INFO] IPUIPlugin:80 - create IPUIPlugin
2024-03-28 13:28:04,761 [INFO] PluginManager:220 - loadIPPluginJar : add ipddr
2024-03-28 13:28:04,766 [INFO] IPUIPlugin:80 - create IPUIPlugin
2024-03-28 13:28:04,767 [INFO] PluginManager:220 - loadIPPluginJar : add usart
2024-03-28 13:28:04,769 [INFO] IPUIPlugin:80 - create IPUIPlugin
2024-03-28 13:28:04,770 [INFO] PluginManager:220 - loadIPPluginJar : add ltdc
2024-03-28 13:28:04,777 [INFO] IPUIPlugin:80 - create IPUIPlugin
2024-03-28 13:28:04,778 [INFO] PluginManager:220 - loadIPPluginJar : add nvic
2024-03-28 13:28:04,781 [INFO] IPUIPlugin:80 - create IPUIPlugin
2024-03-28 13:28:04,781 [INFO] PluginManager:220 - loadIPPluginJar : add fatfs
2024-03-28 13:28:04,794 [INFO] IPUIPlugin:80 - create IPUIPlugin
2024-03-28 13:28:04,795 [INFO] PluginManager:220 - loadIPPluginJar : add linkedlist
2024-03-28 13:28:04,806 [INFO] IPUIPlugin:80 - create IPUIPlugin
2024-03-28 13:28:04,806 [INFO] PluginManager:220 - loadIPPluginJar : add dma
2024-03-28 13:28:04,815 [INFO] IPUIPlugin:80 - create IPUIPlugin
2024-03-28 13:28:04,815 [INFO] PluginManager:220 - loadIPPluginJar : add fmc
2024-03-28 13:28:04,820 [INFO] IPUIPlugin:80 - create IPUIPlugin
2024-03-28 13:28:04,821 [INFO] PluginManager:220 - loadIPPluginJar : add i2s
2024-03-28 13:28:04,824 [INFO] IPUIPlugin:80 - create IPUIPlugin
2024-03-28 13:28:04,824 [INFO] PluginManager:220 - loadIPPluginJar : add ucpd
2024-03-28 13:28:04,829 [INFO] IPUIPlugin:80 - create IPUIPlugin
2024-03-28 13:28:04,829 [INFO] PluginManager:220 - loadIPPluginJar : add lorawan
2024-03-28 13:28:04,835 [INFO] IPUIPlugin:80 - create IPUIPlugin
2024-03-28 13:28:04,835 [INFO] PluginManager:220 - loadIPPluginJar : add opamp
2024-03-28 13:28:04,840 [INFO] IPUIPlugin:80 - create IPUIPlugin
2024-03-28 13:28:04,840 [INFO] PluginManager:220 - loadIPPluginJar : add i3c
2024-03-28 13:28:04,846 [INFO] IPUIPlugin:80 - create IPUIPlugin
2024-03-28 13:28:04,847 [INFO] PluginManager:220 - loadIPPluginJar : add touchsensing
2024-03-28 13:28:04,852 [INFO] IPUIPlugin:80 - create IPUIPlugin
2024-03-28 13:28:04,852 [INFO] PluginManager:220 - loadIPPluginJar : add i2c
2024-03-28 13:28:04,859 [INFO] IPUIPlugin:80 - create IPUIPlugin
2024-03-28 13:28:04,859 [INFO] PluginManager:220 - loadIPPluginJar : add resmgrutility
2024-03-28 13:28:04,865 [INFO] IPUIPlugin:80 - create IPUIPlugin
2024-03-28 13:28:04,866 [INFO] PluginManager:220 - loadIPPluginJar : add sai
2024-03-28 13:28:04,871 [INFO] IPUIPlugin:80 - create IPUIPlugin
2024-03-28 13:28:04,871 [INFO] PluginManager:220 - loadIPPluginJar : add usbx
2024-03-28 13:28:05,016 [INFO] CADModel:165 - CPN selected for project level
2024-03-28 13:28:05,016 [INFO] CADModel:114 - Register for checkConnection events
2024-03-28 13:28:05,017 [FATAL] Updater:308 - Updater called before beeing initialized
2024-03-28 13:28:05,017 [ERROR] CADModel:125 - Updater not yet initialized, retry later 
2024-03-28 13:28:05,481 [INFO] CADModel:165 - CPN selected for project level
2024-03-28 13:28:05,481 [INFO] CADModel:114 - Register for checkConnection events
2024-03-28 13:28:05,482 [FATAL] Updater:308 - Updater called before beeing initialized
2024-03-28 13:28:05,482 [ERROR] CADModel:125 - Updater not yet initialized, retry later 
2024-03-28 13:28:05,489 [FATAL] Updater:308 - Updater called before beeing initialized
2024-03-28 13:28:05,744 [FATAL] Updater:308 - Updater called before beeing initialized
2024-03-28 13:28:05,753 [INFO] DbMcusAds:53 - JSON generation date=Thu Sep 30 03:55:09 BRT 2021 (1632984909247)
2024-03-28 13:28:05,753 [FATAL] Updater:308 - Updater called before beeing initialized
2024-03-28 13:28:05,879 [WARN] DetailPanel:346 - Failed to get advertising image, set to default
2024-03-28 13:28:06,094 [FATAL] Updater:308 - Updater called before beeing initialized
2024-03-28 13:28:06,099 [FATAL] Updater:308 - Updater called before beeing initialized
2024-03-28 13:28:06,099 [FATAL] Updater:308 - Updater called before beeing initialized
2024-03-28 13:28:06,099 [WARN] DetailPanel:346 - Failed to get advertising image, set to default
2024-03-28 13:28:06,101 [FATAL] Updater:308 - Updater called before beeing initialized
2024-03-28 13:28:06,198 [ERROR] Updater:1120 - MainUpdater not yet initialized. External WinMGr cannot be set.
2024-03-28 13:28:06,255 [INFO] Updater:1056 - Updater Version found : 6.10.0
2024-03-28 13:28:06,290 [INFO] ApplicationProperties:184 - Using Application install path: /Applications/STM32CubeIDE.app/Contents/Eclipse/plugins/com.st.stm32cube.common.mx_6.10.0.202311202037
2024-03-28 13:28:06,456 [INFO] ThirdPartyUpdaterWithRetryManager:70 - Updater plugin not ready yet. [2/15]
2024-03-28 13:28:06,945 [INFO] MainUpdater:2873 - connection check result : 10
2024-03-28 13:28:06,946 [INFO] MainUpdater:3567 - Updater definition file requires update
2024-03-28 13:28:06,947 [INFO] MainUpdater:290 - Updater Check For Update Now.
2024-03-28 13:28:06,948 [INFO] MicroXplorer:498 - Change Database Version : DB.6.0.100
2024-03-28 13:28:06,956 [INFO] McuFinderGlobals:63 - Set McuFinder mode to 2 (CubeIDE integrated)
2024-03-28 13:28:06,956 [INFO] UserAuth:180 - activating auth plugin
2024-03-28 13:28:06,962 [INFO] UserAuth:404 - Internet connection configuration mode: 1
2024-03-28 13:28:06,987 [INFO] ServerAccessManage:473 - Download File updaters.zip
2024-03-28 13:28:07,018 [INFO] JxBrowserEngine:152 - Initiate JxBrowser Engine with user profile folder
2024-03-28 13:28:07,190 [INFO] FileExtend:240 - Unzip File : updaters.zip
2024-03-28 13:28:07,190 [INFO] FileExtend:255 - Standard Zip Deflate
2024-03-28 13:28:08,060 [INFO] ServerAccessManage:473 - Download File PacksControlFlags.xml
2024-03-28 13:28:08,288 [INFO] ServerAccessManage:473 - Download File cubemx.pidx
2024-03-28 13:28:08,994 [INFO] ServerAccessManage:473 - Download File STMicroelectronics.FP-SNS-MOTENV1.pdsc
2024-03-28 13:28:09,458 [WARN] MainUpdater:1194 - Updater busy. Cannot search thirdparties
2024-03-28 13:28:09,459 [INFO] ThirdPartyUpdaterWithRetryManager:96 - Updater plugin is busy. [1/15]
2024-03-28 13:28:10,357 [INFO] ServerAccessManage:473 - Download File STMicroelectronics.X-CUBE-NFC6.pdsc
2024-03-28 13:28:10,664 [INFO] ServerAccessManage:473 - Download File STMicroelectronics.X-CUBE-SAFEA1.pdsc
2024-03-28 13:28:11,402 [INFO] ServerAccessManage:473 - Download File STMicroelectronics.X-CUBE-TOUCHGFX.pdsc
2024-03-28 13:28:11,548 [INFO] WebApp:161 - Instantiating new browser for Auth
2024-03-28 13:28:12,463 [WARN] MainUpdater:1194 - Updater busy. Cannot search thirdparties
2024-03-28 13:28:12,463 [INFO] ThirdPartyUpdaterWithRetryManager:96 - Updater plugin is busy. [2/15]
2024-03-28 13:28:14,858 [INFO] WebApp:780 - Register for checkConnection events
2024-03-28 13:28:14,859 [INFO] WebApp:414 - Apply proxy settings
2024-03-28 13:28:14,868 [INFO] WebApp:459 - Chromium authenticates against Manually configured proxy
2024-03-28 13:28:14,882 [INFO] WebApp:467 - Username used for proxy authentication: 
2024-03-28 13:28:15,198 [WARN] PackLoader:240 - Cannot read IP mode file for STMicroelectronics.FP-SNS-MOTENV1.5.0.0
2024-03-28 13:28:15,285 [WARN] PackLoader:240 - Cannot read IP mode file for STMicroelectronics.X-CUBE-NFC6.3.1.0
2024-03-28 13:28:15,330 [INFO] CheckServerUpdateThread:120 - End of CheckServer Thread
2024-03-28 13:28:15,341 [WARN] PackLoader:240 - Cannot read IP mode file for STMicroelectronics.X-CUBE-SAFEA1.1.2.2
2024-03-28 13:28:15,364 [WARN] PackLoader:240 - Cannot read IP mode file for STMicroelectronics.X-CUBE-TOUCHGFX.4.23.1
2024-03-28 13:28:15,365 [INFO] PopulateThirdPartyThread:66 - Ending populate Thread
2024-03-28 13:28:15,367 [INFO] ThirdParty:1030 - CMSIS Pack Vendor :STMicroelectronics X-CUBE-TOUCHGFX 4.23.1
2024-03-28 13:28:15,368 [INFO] ThirdParty:1030 - CMSIS Pack Vendor :STMicroelectronics FP-SNS-MOTENV1 5.0.0
2024-03-28 13:28:15,368 [INFO] ThirdParty:1030 - CMSIS Pack Vendor :STMicroelectronics X-CUBE-SAFEA1 1.2.2
2024-03-28 13:28:15,368 [INFO] ThirdParty:1030 - CMSIS Pack Vendor :STMicroelectronics X-CUBE-NFC6 3.1.0
2024-03-28 13:28:15,368 [INFO] LoadServerUpdatesThread:375 - End of LoadServerUpdate Thread
2024-03-28 13:28:15,650 [INFO] WebApp:192 - Starting web application
2024-03-28 13:28:15,651 [INFO] WebApp:544 - Web application path used /Applications/STM32CubeIDE.app/Contents/Eclipse/plugins/com.st.stm32cube.common.mx_6.10.0.202311202037/db/plugins/mcufinder/reactClient1/index.html
2024-03-28 13:28:16,211 [WARN] PackLoader:240 - Cannot read IP mode file for STMicroelectronics.X-CUBE-SMBUS.2.1.0
2024-03-28 13:28:16,241 [WARN] PackLoader:240 - Cannot read IP mode file for STMicroelectronics.X-CUBE-TOUCHGFX.4.23.1
2024-03-28 13:28:16,256 [WARN] PackLoader:240 - Cannot read IP mode file for STMicroelectronics.X-CUBE-TOUCHGFX.4.23.0
2024-03-28 13:28:16,529 [WARN] PackLoader:240 - Cannot read IP mode file for STMicroelectronics.X-CUBE-AZRTOS-F7.1.1.0
2024-03-28 13:28:16,574 [WARN] PackLoader:240 - Cannot read IP mode file for STMicroelectronics.FP-SNS-MOTENV1.4.3.2
2024-03-28 13:28:16,591 [WARN] PackLoader:240 - Cannot read IP mode file for STMicroelectronics.FP-SNS-FLIGHT1.5.0.2
2024-03-28 13:28:16,638 [WARN] PackLoader:240 - Cannot read IP mode file for STMicroelectronics.X-CUBE-DISPLAY.3.0.0
2024-03-28 13:28:16,688 [WARN] PackLoader:240 - Cannot read IP mode file for STMicroelectronics.X-CUBE-BLE1.7.0.0
2024-03-28 13:28:16,703 [WARN] PackLoader:240 - Cannot read IP mode file for emotas.I-CUBE-CANOPEN.1.3.0
2024-03-28 13:28:16,754 [WARN] PackLoader:240 - Cannot read IP mode file for STMicroelectronics.X-CUBE-BLEMGR.3.1.0
2024-03-28 13:28:16,780 [WARN] PackLoader:240 - Cannot read IP mode file for STMicroelectronics.FP-SNS-SMARTAG2.1.2.0
2024-03-28 13:28:16,842 [INFO] LogOutputStream:77 - [STDOUT_REDIRECT] 1 : Invalid condition id : UX_CORESTACK_Condition cause : null
2024-03-28 13:28:16,846 [INFO] LogOutputStream:77 - [STDOUT_REDIRECT] 1 : Invalid condition id : UX_CORESTACK_Condition cause : null
2024-03-28 13:28:16,846 [INFO] LogOutputStream:77 - [STDOUT_REDIRECT] 1 : Invalid condition id : UX_CORESTACK_Condition cause : null
2024-03-28 13:28:16,847 [INFO] LogOutputStream:77 - [STDOUT_REDIRECT] 1 : Invalid condition id : UX_CORESTACK_Condition cause : null
2024-03-28 13:28:16,847 [INFO] LogOutputStream:77 - [STDOUT_REDIRECT] 1 : Invalid condition id : UX_CORESTACK_Condition cause : null
2024-03-28 13:28:16,864 [WARN] PackLoader:240 - Cannot read IP mode file for STMicroelectronics.X-CUBE-AZRTOS-WL.2.0.0
2024-03-28 13:28:16,893 [WARN] PackLoader:240 - Cannot read IP mode file for STMicroelectronics.FP-SNS-MOTENV1.5.0.0
2024-03-28 13:28:16,921 [WARN] PackLoader:240 - Cannot read IP mode file for WES.I-CUBE-Cesium.1.3.0
2024-03-28 13:28:16,933 [WARN] PackLoader:240 - Cannot read IP mode file for STMicroelectronics.X-CUBE-BLE2.3.3.0
2024-03-28 13:28:16,976 [WARN] PackLoader:240 - Cannot read IP mode file for STMicroelectronics.X-CUBE-ALGOBUILD.1.3.0
2024-03-28 13:28:17,102 [WARN] PackLoader:240 - Cannot read IP mode file for STMicroelectronics.X-CUBE-AZRTOS-G0.1.1.0
2024-03-28 13:28:17,134 [WARN] PackLoader:240 - Cannot read IP mode file for STMicroelectronics.X-CUBE-SAFEA1.1.2.2
2024-03-28 13:28:17,153 [WARN] PackLoader:240 - Cannot read IP mode file for STMicroelectronics.X-CUBE-NFC4.3.0.0
2024-03-28 13:28:17,167 [WARN] PackLoader:240 - Cannot read IP mode file for STMicroelectronics.FP-ATR-SIGFOX1.3.2.0
2024-03-28 13:28:17,184 [WARN] PackLoader:240 - Cannot read IP mode file for STMicroelectronics.X-CUBE-EEPRMA1.5.1.0
2024-03-28 13:28:17,554 [WARN] PackLoader:240 - Cannot read IP mode file for SEGGER.I-CUBE-embOS.1.3.1
2024-03-28 13:28:17,868 [WARN] PackLoader:240 - Cannot read IP mode file for STMicroelectronics.X-CUBE-GNSS1.6.0.0
2024-03-28 13:28:17,976 [WARN] PackLoader:240 - Cannot read IP mode file for STMicroelectronics.X-CUBE-AZRTOS-F4.1.1.0
2024-03-28 13:28:18,011 [WARN] PackLoader:240 - Cannot read IP mode file for wolfSSL.I-CUBE-wolfSSL.5.6.6
2024-03-28 13:28:18,120 [WARN] PackLoader:240 - Cannot read IP mode file for STMicroelectronics.X-CUBE-AZRTOS-L5.2.0.0
2024-03-28 13:28:18,229 [WARN] PackLoader:240 - Cannot read IP mode file for STMicroelectronics.X-CUBE-NFC6.3.1.0
2024-03-28 13:28:18,274 [WARN] PackLoader:240 - Cannot read IP mode file for ITTIA_DB.I-CUBE-ITTIADB.8.8.0
2024-03-28 13:28:18,317 [WARN] PackLoader:240 - Cannot read IP mode file for STMicroelectronics.X-CUBE-NFC7.1.0.1
2024-03-28 13:28:18,389 [WARN] PackLoader:240 - Cannot read IP mode file for STMicroelectronics.X-CUBE-NFC6.3.0.0
2024-03-28 13:28:18,422 [WARN] PackLoader:240 - Cannot read IP mode file for STMicroelectronics.X-CUBE-AI.8.1.0
2024-03-28 13:28:18,602 [WARN] ConditionMgr:438 - getConditionDescription Invalid condition id : LAN8742 Phy interface Condition cause : null
2024-03-28 13:28:18,605 [WARN] PackLoader:240 - Cannot read IP mode file for STMicroelectronics.X-CUBE-AZRTOS-L4.2.0.0
2024-03-28 13:28:18,615 [WARN] ConditionMgr:1039 - genDependencies : Invalid condition id : LAN8742 Phy interface Condition cause : null
2024-03-28 13:28:18,616 [WARN] ConditionMgr:1039 - genDependencies : Invalid condition id : LAN8742 Phy interface Condition cause : null
2024-03-28 13:28:18,619 [WARN] ConditionMgr:1039 - genDependencies : Invalid condition id : LAN8742 Phy interface Condition cause : null
2024-03-28 13:28:18,670 [WARN] PackLoader:240 - Cannot read IP mode file for STMicroelectronics.X-CUBE-SFXS2LP1.4.0.0
2024-03-28 13:28:18,797 [WARN] ConditionMgr:438 - getConditionDescription Invalid condition id : UX DEVICE CLASS RTOS Condition cause : null
2024-03-28 13:28:18,798 [WARN] ConditionMgr:438 - getConditionDescription Invalid condition id : UX DEVICE CLASS RTOS Condition cause : null
2024-03-28 13:28:18,813 [WARN] PackLoader:240 - Cannot read IP mode file for STMicroelectronics.X-CUBE-AZRTOS-WB.2.0.0
2024-03-28 13:28:18,816 [WARN] ConditionMgr:1039 - genDependencies : Invalid condition id : UX DEVICE CLASS RTOS Condition cause : null
2024-03-28 13:28:18,816 [WARN] ConditionMgr:1039 - genDependencies : Invalid condition id : UX DEVICE CLASS RTOS Condition cause : null
2024-03-28 13:28:18,818 [WARN] ConditionMgr:1039 - genDependencies : Invalid condition id : UX DEVICE CLASS RTOS Condition cause : null
2024-03-28 13:28:18,826 [WARN] ConditionMgr:1039 - genDependencies : Invalid condition id : UX DEVICE CLASS RTOS Condition cause : null
2024-03-28 13:28:18,826 [WARN] ConditionMgr:1039 - genDependencies : Invalid condition id : UX DEVICE CLASS RTOS Condition cause : null
2024-03-28 13:28:18,886 [WARN] PackLoader:240 - Cannot read IP mode file for STMicroelectronics.X-CUBE-SUBG2.5.0.0
2024-03-28 13:28:18,985 [WARN] PackLoader:240 - Cannot read IP mode file for STMicroelectronics.X-CUBE-AZRTOS-G4.2.0.0
2024-03-28 13:28:19,123 [WARN] PackLoader:240 - Cannot read IP mode file for Infineon.AIROC-Wi-Fi-Bluetooth-STM32.1.5.1
2024-03-28 13:28:19,164 [WARN] PackLoader:240 - Cannot read IP mode file for STMicroelectronics.FP-SNS-MOTENVWB1.1.3.1
2024-03-28 13:28:19,178 [WARN] PackLoader:240 - Cannot read IP mode file for STMicroelectronics.X-CUBE-ISPU.2.0.0
2024-03-28 13:28:19,483 [WARN] PackLoader:240 - Cannot read IP mode file for STMicroelectronics.X-CUBE-MEMS1.10.0.0
2024-03-28 13:28:20,188 [WARN] PackLoader:240 - Cannot read IP mode file for STMicroelectronics.X-CUBE-FREERTOS.1.1.0
2024-03-28 13:28:20,203 [WARN] PackLoader:240 - Cannot read IP mode file for portGmbH.I-Cube-SoM-uGOAL.1.1.0
2024-03-28 13:28:20,216 [WARN] PackLoader:240 - Cannot read IP mode file for STMicroelectronics.X-CUBE-ALS.1.0.1
2024-03-28 13:28:20,225 [WARN] PackLoader:240 - Cannot read IP mode file for STMicroelectronics.FP-ATR-ASTRA1.2.0.0
2024-03-28 13:28:20,310 [WARN] PackLoader:240 - Cannot read IP mode file for STMicroelectronics.X-CUBE-TOF1.3.4.1
2024-03-28 13:28:20,495 [WARN] PackLoader:240 - Cannot read IP mode file for STMicroelectronics.X-CUBE-AZRTOS-H7.3.2.0
2024-03-28 13:28:20,514 [INFO] ThirdParty:978 - Integrity check success = true
2024-03-28 13:28:20,514 [INFO] IntegrityCheckThread:100 - exiting critical section [integrity check]
2024-03-28 13:28:20,514 [INFO] IntegrityCheckThread:103 - End integrity checks thread
2024-03-28 13:28:20,608 [ERROR] LogOutputStream:75 - [STDERR_REDIRECT] [Fatal Error] :2:10: DOCTYPE is disallowed when the feature "http://apache.org/xml/features/disallow-doctype-decl" set to true.
2024-03-28 13:28:20,609 [ERROR] LogOutputStream:75 - [STDERR_REDIRECT] 
2024-03-28 13:28:38,302 [ERROR] LogOutputStream:75 - [STDERR_REDIRECT] SLF4J: Failed to load class "org.slf4j.impl.StaticLoggerBinder".
2024-03-28 13:28:38,303 [ERROR] LogOutputStream:75 - [STDERR_REDIRECT] SLF4J: Defaulting to no-operation (NOP) logger implementation
2024-03-28 13:28:38,304 [ERROR] LogOutputStream:75 - [STDERR_REDIRECT] SLF4J: See http://www.slf4j.org/codes.html#StaticLoggerBinder for further details.
